[2025-05-01 20:25:27] Starting Mini-Twitter deployment...
[2025-05-01 20:25:27] Checking for required tools...
[2025-05-01 20:25:27] Docker and Docker Compose are available.
[2025-05-01 20:25:27] Building and starting containers...
time="2025-05-01T20:25:28+05:00" level=warning msg="E:\\Data Science MS\\big data\\bigdata-project\\mini-twitter-v2\\docker-compose.yml: the attribute `version` is obsolete, it will be ignored, please remove it to avoid potential confusion"
Compose can now delegate builds to bake for better performance.
 To do so, set COMPOSE_BAKE=true.
#0 building with "desktop-linux" instance using docker driver

#1 [api internal] load build definition from Dockerfile
#1 transferring dockerfile: 251B 0.0s done
#1 DONE 0.0s

#2 [api internal] load metadata for docker.io/library/python:3.9-slim
#2 DONE 2.2s

#3 [api internal] load .dockerignore
#3 transferring context: 2B done
#3 DONE 0.0s

#4 [api 1/5] FROM docker.io/library/python:3.9-slim@sha256:bef8d69306a7905f55cd523f5604de1dde45bbf745ba896dbb89f6d15c727170
#4 DONE 0.0s

#5 [api internal] load build context
#5 transferring context: 31.08kB 0.0s done
#5 DONE 0.0s

#6 [api 2/5] WORKDIR /app
#6 CACHED

#7 [api 3/5] COPY requirements.txt .
#7 CACHED

#8 [api 4/5] RUN pip install --no-cache-dir -r requirements.txt
#8 CACHED

#9 [api 5/5] COPY . .
#9 DONE 0.1s

#10 [api] exporting to image
#10 exporting layers
#10 exporting layers 0.1s done
#10 writing image sha256:20aac50e086b399bb11cabf39755bcb4b51d6c143591de9c68ef3819f6bbb2c6 done
#10 naming to docker.io/library/mini-twitter-v2-api 0.0s done
#10 DONE 0.1s

#11 [api] resolving provenance for metadata file
#11 DONE 0.0s

#12 [frontend internal] load build definition from Dockerfile
#12 transferring dockerfile: 157B done
#12 DONE 0.0s

#13 [frontend internal] load metadata for docker.io/library/node:16
#13 DONE 1.6s

#14 [frontend internal] load .dockerignore
#14 transferring context: 2B done
#14 DONE 0.0s

#15 [frontend 1/5] FROM docker.io/library/node:16@sha256:f77a1aef2da8d83e45ec990f45df50f1a286c5fe8bbfb8c6e4246c6389705c0b
#15 DONE 0.0s

#16 [frontend internal] load build context
#16 transferring context: 51.19kB 0.0s done
#16 DONE 0.0s

#17 [frontend 2/5] WORKDIR /app
#17 CACHED

#18 [frontend 3/5] COPY package.json ./
#18 DONE 0.1s

#19 [frontend 4/5] RUN npm install
[2025-05-01 20:32:12] ERROR: Docker Compose build failed.
