[2025-05-12 17:55:44] Starting Mini-Twitter deployment...
[2025-05-12 17:55:44] Checking for required tools...
[2025-05-12 17:55:45] Docker and Docker Compose are available.
[2025-05-12 17:55:45] Building and starting containers...
Compose can now delegate builds to bake for better performance.
 To do so, set COMPOSE_BAKE=true.
#0 building with "desktop-linux" instance using docker driver

#1 [kafka-consumers internal] load build definition from Dockerfile
#1 transferring dockerfile: 195B 0.0s done
#1 DONE 0.0s

#2 [spark-scheduler internal] load build definition from Dockerfile
#2 transferring dockerfile: 405B done
#2 DONE 0.0s

#3 [spark-scheduler internal] load metadata for docker.io/bitnami/spark:3.3
#3 DONE 0.0s

#4 [api internal] load build definition from Dockerfile
#4 transferring dockerfile: 251B done
#4 DONE 0.0s

#5 [spark-scheduler internal] load .dockerignore
#5 transferring context: 2B done
#5 DONE 0.0s

#6 [spark-scheduler 1/6] FROM docker.io/bitnami/spark:3.3
#6 DONE 0.0s

#7 [spark-scheduler internal] load build context
#7 transferring context: 224B done
#7 DONE 0.0s

#8 [spark-scheduler 3/6] RUN pip install --no-cache-dir -r /tmp/requirements.txt
#8 CACHED

#9 [spark-scheduler 4/6] WORKDIR /opt/spark-jobs
#9 CACHED

#10 [spark-scheduler 5/6] COPY *.py /opt/spark-jobs/
#10 CACHED

#11 [spark-scheduler 2/6] COPY requirements.txt /tmp/
#11 CACHED

#12 [spark-scheduler 6/6] RUN chmod -R 755 /opt/spark-jobs
#12 CACHED

#13 [spark-scheduler] exporting to image
#13 exporting layers done
#13 writing image sha256:9c5d41b067d238745b4567ba10c392b15288ee9f774fae936204629676d1cee1 done
#13 naming to docker.io/library/mini-twitter-v-full-ui-correct-spark-scheduler done
#13 DONE 0.0s

#14 [spark-scheduler] resolving provenance for metadata file
#14 DONE 0.0s

#15 [api internal] load metadata for docker.io/library/python:3.9-slim
#15 DONE 0.9s

#16 [kafka-consumers internal] load .dockerignore
#16 transferring context: 2B 0.0s done
#16 DONE 0.0s

#17 [api internal] load .dockerignore
#17 transferring context: 2B 0.0s done
#17 DONE 0.0s

#18 [api 1/5] FROM docker.io/library/python:3.9-slim@sha256:bef8d69306a7905f55cd523f5604de1dde45bbf745ba896dbb89f6d15c727170
#18 DONE 0.0s

#19 [kafka-consumers internal] load build context
#19 transferring context: 819B 0.0s done
#19 DONE 0.0s

#20 [api internal] load build context
#20 transferring context: 277B 0.0s done
#20 DONE 0.0s

#21 [api 3/5] COPY requirements.txt .
#21 CACHED

#22 [api 4/5] RUN pip install --no-cache-dir -r requirements.txt
#22 CACHED

#23 [api 5/5] COPY . .
#23 CACHED

#24 [kafka-consumers 3/5] COPY requirements.txt .
#24 CACHED

#25 [kafka-consumers 4/5] RUN pip install --no-cache-dir -r requirements.txt
#25 CACHED

#26 [api 2/5] WORKDIR /app
#26 CACHED

#27 [kafka-consumers 5/5] COPY . .
#27 CACHED

#28 [kafka-consumers] exporting to image
#28 exporting layers done
#28 writing image sha256:558fe245ba88dbccd277790f3f4bd055f96b20920360cb4f5e9f41c6d8c704f1 done
#28 naming to docker.io/library/mini-twitter-v-full-ui-correct-kafka-consumers done
#28 DONE 0.0s

#29 [api] exporting to image
#29 exporting layers done
#29 writing image sha256:abb6068c8872e3e4c23d6970cca7682b377eedd0cb8f66ff8ca500a624a1e52d 0.0s done
#29 naming to docker.io/library/mini-twitter-v-full-ui-correct-api done
#29 DONE 0.0s

#30 [kafka-consumers] resolving provenance for metadata file
#30 DONE 0.0s

#31 [api] resolving provenance for metadata file
#31 DONE 0.0s

#32 [frontend internal] load build definition from Dockerfile
#32 transferring dockerfile: 157B done
#32 DONE 0.0s

#33 [frontend internal] load metadata for docker.io/library/node:16
#33 DONE 1.1s

#34 [frontend internal] load .dockerignore
#34 transferring context: 2B done
#34 DONE 0.0s

#35 [frontend 1/5] FROM docker.io/library/node:16@sha256:f77a1aef2da8d83e45ec990f45df50f1a286c5fe8bbfb8c6e4246c6389705c0b
#35 DONE 0.0s

#36 [frontend internal] load build context
#36 transferring context: 1.71kB 0.0s done
#36 DONE 0.0s

#37 [frontend 2/5] WORKDIR /app
#37 CACHED

#38 [frontend 4/5] RUN npm install
#38 CACHED

#39 [frontend 3/5] COPY package.json ./
#39 CACHED

#40 [frontend 5/5] COPY . .
#40 CACHED

#41 [frontend] exporting to image
#41 exporting layers done
#41 writing image sha256:5f488affb34846e005fe4255211d4e747f23260c67284cbfdf83a0f49e29e163 done
#41 naming to docker.io/library/mini-twitter-v-full-ui-correct-frontend done
#41 DONE 0.0s

#42 [frontend] resolving provenance for metadata file
#42 DONE 0.0s
 api  Built
 frontend  Built
 kafka-consumers  Built
 spark-scheduler  Built
 Network mini-twitter-v-full-ui-correct_default  Creating
 Network mini-twitter-v-full-ui-correct_default  Created
 Container mini-twitter-v-full-ui-correct-spark-master-1  Creating
 Container mini-twitter-v-full-ui-correct-minio-1  Creating
 Container mini-twitter-v-full-ui-correct-postgres-1  Creating
 Container mini-twitter-v-full-ui-correct-cassandra-1  Creating
 Container mini-twitter-v-full-ui-correct-zookeeper-1  Creating
 Container mini-twitter-v-full-ui-correct-mongodb-1  Creating
 Container mini-twitter-v-full-ui-correct-spark-master-1  Created
 Container mini-twitter-v-full-ui-correct-spark-worker-1  Creating
 Container mini-twitter-v-full-ui-correct-minio-1  Created
 Container mini-twitter-v-full-ui-correct-cassandra-1  Created
 Container mini-twitter-v-full-ui-correct-zookeeper-1  Created
 Container mini-twitter-v-full-ui-correct-kafka-1  Creating
 Container mini-twitter-v-full-ui-correct-postgres-1  Created
 Container mini-twitter-v-full-ui-correct-mongodb-1  Created
 Container mini-twitter-v-full-ui-correct-spark-scheduler-1  Creating
 Container mini-twitter-v-full-ui-correct-spark-worker-1  Created
 Container mini-twitter-v-full-ui-correct-kafka-1  Created
 Container mini-twitter-v-full-ui-correct-kafka-consumers-1  Creating
 Container mini-twitter-v-full-ui-correct-api-1  Creating
 Container mini-twitter-v-full-ui-correct-spark-scheduler-1  Created
 Container mini-twitter-v-full-ui-correct-api-1  Created
 Container mini-twitter-v-full-ui-correct-frontend-1  Creating
 Container mini-twitter-v-full-ui-correct-kafka-consumers-1  Created
 Container mini-twitter-v-full-ui-correct-frontend-1  Created
 Container mini-twitter-v-full-ui-correct-zookeeper-1  Starting
 Container mini-twitter-v-full-ui-correct-minio-1  Starting
 Container mini-twitter-v-full-ui-correct-postgres-1  Starting
 Container mini-twitter-v-full-ui-correct-cassandra-1  Starting
 Container mini-twitter-v-full-ui-correct-mongodb-1  Starting
 Container mini-twitter-v-full-ui-correct-spark-master-1  Starting
 Container mini-twitter-v-full-ui-correct-zookeeper-1  Started
 Container mini-twitter-v-full-ui-correct-zookeeper-1  Waiting
 Container mini-twitter-v-full-ui-correct-minio-1  Started
 Container mini-twitter-v-full-ui-correct-cassandra-1  Started
 Container mini-twitter-v-full-ui-correct-postgres-1  Started
 Container mini-twitter-v-full-ui-correct-spark-master-1  Started
 Container mini-twitter-v-full-ui-correct-spark-worker-1  Starting
 Container mini-twitter-v-full-ui-correct-mongodb-1  Started
 Container mini-twitter-v-full-ui-correct-mongodb-1  Waiting
 Container mini-twitter-v-full-ui-correct-spark-worker-1  Started
 Container mini-twitter-v-full-ui-correct-zookeeper-1  Healthy
 Container mini-twitter-v-full-ui-correct-kafka-1  Starting
 Container mini-twitter-v-full-ui-correct-kafka-1  Started
 Container mini-twitter-v-full-ui-correct-mongodb-1  Waiting
 Container mini-twitter-v-full-ui-correct-postgres-1  Waiting
 Container mini-twitter-v-full-ui-correct-postgres-1  Waiting
 Container mini-twitter-v-full-ui-correct-mongodb-1  Waiting
 Container mini-twitter-v-full-ui-correct-kafka-1  Waiting
 Container mini-twitter-v-full-ui-correct-kafka-1  Waiting
 Container mini-twitter-v-full-ui-correct-postgres-1  Healthy
 Container mini-twitter-v-full-ui-correct-postgres-1  Healthy
 Container mini-twitter-v-full-ui-correct-mongodb-1  Healthy
 Container mini-twitter-v-full-ui-correct-mongodb-1  Healthy
 Container mini-twitter-v-full-ui-correct-mongodb-1  Healthy
 Container mini-twitter-v-full-ui-correct-spark-scheduler-1  Starting
 Container mini-twitter-v-full-ui-correct-spark-scheduler-1  Started
 Container mini-twitter-v-full-ui-correct-kafka-1  Healthy
 Container mini-twitter-v-full-ui-correct-api-1  Starting
 Container mini-twitter-v-full-ui-correct-kafka-1  Healthy
 Container mini-twitter-v-full-ui-correct-kafka-consumers-1  Starting
 Container mini-twitter-v-full-ui-correct-kafka-consumers-1  Started
 Container mini-twitter-v-full-ui-correct-api-1  Started
 Container mini-twitter-v-full-ui-correct-frontend-1  Starting
 Container mini-twitter-v-full-ui-correct-frontend-1  Started
[2025-05-12 17:56:42] Containers started. Listing running containers:
CONTAINER ID   IMAGE                                             COMMAND                  CREATED          STATUS                           PORTS                                                       NAMES
fd48d9c666ea   mini-twitter-v-full-ui-correct-frontend           "docker-entrypoint.s…"   52 seconds ago   Up Less than a second            0.0.0.0:3000->3000/tcp                                      mini-twitter-v-full-ui-correct-frontend-1
5d3287057a74   mini-twitter-v-full-ui-correct-kafka-consumers    "python main.py"         52 seconds ago   Up 1 second                                                                                  mini-twitter-v-full-ui-correct-kafka-consumers-1
8461bc146ef9   mini-twitter-v-full-ui-correct-api                "uvicorn main:app --…"   52 seconds ago   Up 1 second (health: starting)   0.0.0.0:8000->8000/tcp                                      mini-twitter-v-full-ui-correct-api-1
80006b2cb50e   mini-twitter-v-full-ui-correct-spark-scheduler    "/opt/bitnami/script…"   53 seconds ago   Up 15 seconds                                                                                mini-twitter-v-full-ui-correct-spark-scheduler-1
e2a63f41ce48   bitnami/kafka:3.4                                 "/opt/bitnami/script…"   53 seconds ago   Up 17 seconds (healthy)          0.0.0.0:9092->9092/tcp                                      mini-twitter-v-full-ui-correct-kafka-1
9004eadd961f   bitnami/spark:3.3                                 "/opt/bitnami/script…"   53 seconds ago   Up 22 seconds                                                                                mini-twitter-v-full-ui-correct-spark-worker-1
505fcfbefb8f   postgres:14                                       "docker-entrypoint.s…"   53 seconds ago   Up 23 seconds (healthy)          0.0.0.0:5433->5432/tcp                                      mini-twitter-v-full-ui-correct-postgres-1
21c82ad60540   mongo:5                                           "docker-entrypoint.s…"   53 seconds ago   Up 23 seconds (healthy)          0.0.0.0:27017->27017/tcp                                    mini-twitter-v-full-ui-correct-mongodb-1
9afbccb0d615   cassandra:4                                       "docker-entrypoint.s…"   53 seconds ago   Up 23 seconds (healthy)          7000-7001/tcp, 7199/tcp, 9160/tcp, 0.0.0.0:9042->9042/tcp   mini-twitter-v-full-ui-correct-cassandra-1
49f6bebee4eb   bitnami/zookeeper:3.8                             "/opt/bitnami/script…"   53 seconds ago   Up 23 seconds (healthy)          2888/tcp, 3888/tcp, 0.0.0.0:2181->2181/tcp, 8080/tcp        mini-twitter-v-full-ui-correct-zookeeper-1
3d21afd7b63d   minio/minio:RELEASE.2023-07-07T07-13-57Z          "/usr/bin/docker-ent…"   53 seconds ago   Up 23 seconds                    0.0.0.0:9000-9001->9000-9001/tcp                            mini-twitter-v-full-ui-correct-minio-1
8e39c81429f6   bitnami/spark:3.3                                 "/opt/bitnami/script…"   53 seconds ago   Up 23 seconds                    0.0.0.0:7077->7077/tcp, 0.0.0.0:8080->8080/tcp              mini-twitter-v-full-ui-correct-spark-master-1
81693c9d91f3   mini-twitter-v-full-ui_kafka-sp-hashtag-trends    "/opt/bitnami/script…"   24 hours ago     Restarting (1) 1 second ago                                                                  mini-twitter-v-full-ui_kafka-sp-hashtag-trends-1
6bc2071de4aa   mini-twitter-v-full-ui_kafka-sp-user-engagement   "/opt/bitnami/script…"   24 hours ago     Restarting (1) 1 second ago                                                                  mini-twitter-v-full-ui_kafka-sp-user-engagement-1
[2025-05-12 17:56:43] Waiting for services to be ready...
[2025-05-12 17:56:43] Waiting... (1/30)
[2025-05-12 17:56:44] Waiting... (2/30)
[2025-05-12 17:56:45] Waiting... (3/30)
[2025-05-12 17:56:46] Waiting... (4/30)
[2025-05-12 17:56:47] Waiting... (5/30)
[2025-05-12 17:56:48] Waiting... (6/30)
[2025-05-12 17:56:50] Waiting... (7/30)
[2025-05-12 17:56:51] Waiting... (8/30)
[2025-05-12 17:56:52] Waiting... (9/30)
[2025-05-12 17:56:53] Waiting... (10/30)
[2025-05-12 17:56:54] Waiting... (11/30)
[2025-05-12 17:56:55] Waiting... (12/30)
[2025-05-12 17:56:56] Waiting... (13/30)
[2025-05-12 17:56:57] Waiting... (14/30)
[2025-05-12 17:56:58] Waiting... (15/30)
[2025-05-12 17:57:00] Waiting... (16/30)
[2025-05-12 17:57:01] Waiting... (17/30)
[2025-05-12 17:57:02] Waiting... (18/30)
[2025-05-12 17:57:03] Waiting... (19/30)
[2025-05-12 17:57:04] Waiting... (20/30)
[2025-05-12 17:57:05] Waiting... (21/30)
[2025-05-12 17:57:06] Waiting... (22/30)
[2025-05-12 17:57:07] Waiting... (23/30)
[2025-05-12 17:57:08] Waiting... (24/30)
[2025-05-12 17:57:10] Waiting... (25/30)
[2025-05-12 17:57:11] Waiting... (26/30)
[2025-05-12 17:57:12] Waiting... (27/30)
[2025-05-12 17:57:13] Waiting... (28/30)
[2025-05-12 17:57:14] Waiting... (29/30)
[2025-05-12 17:57:15] Waiting... (30/30)
[2025-05-12 17:57:16] Checking service health status:
[2025-05-12 17:57:16] Checking PostgreSQL...
docker: 'docker exec' requires at least 2 arguments

Usage:  docker exec [OPTIONS] CONTAINER COMMAND [ARG...]

See 'docker exec --help' for more information
[2025-05-12 17:57:17] WARNING: PostgreSQL may not be ready yet.
[2025-05-12 17:57:17] Initializing Cassandra schema...
Error response from daemon: No such container: cqlsh
[2025-05-12 17:57:18] WARNING: Cassandra initialization script ran with errors (this might be normal if already initialized).
[2025-05-12 17:57:18] Checking Kafka topics...
Error response from daemon: No such container: kafka-topics.sh
[2025-05-12 17:57:19] WARNING: Kafka may not be ready yet.
[2025-05-12 17:57:19] Checking MongoDB...
Error response from daemon: No such container: mongo
[2025-05-12 17:57:20] WARNING: MongoDB may not be ready yet.
[2025-05-12 17:57:20] Generating test data...
[2025-05-12 17:57:23] Checking API health...
[2025-05-12 17:57:23] Attempt 1/10...
[2025-05-12 17:57:27] API not ready yet. Waiting...
[2025-05-12 17:57:32] Attempt 2/10...
[2025-05-12 17:57:34] API not ready yet. Waiting...
[2025-05-12 17:57:39] Attempt 3/10...
[2025-05-12 17:57:42] API not ready yet. Waiting...
[2025-05-12 17:57:47] Attempt 4/10...
[2025-05-12 17:57:49] API not ready yet. Waiting...
[2025-05-12 17:57:54] Attempt 5/10...
[2025-05-12 17:57:57] API not ready yet. Waiting...
[2025-05-12 17:58:02] Attempt 6/10...
[2025-05-12 17:58:04] API not ready yet. Waiting...
[2025-05-12 17:58:09] Attempt 7/10...
[2025-05-12 17:58:12] API not ready yet. Waiting...
[2025-05-12 17:58:17] Attempt 8/10...
[2025-05-12 17:58:19] API not ready yet. Waiting...
[2025-05-12 17:58:24] Attempt 9/10...
[2025-05-12 17:58:27] API not ready yet. Waiting...
[2025-05-12 17:58:32] Attempt 10/10...
[2025-05-12 17:58:34] WARNING: API health check failed after 10 attempts.
[2025-05-12 17:58:34] Mini-Twitter system deployment completed!
[2025-05-12 17:58:34] Access the services at:
[2025-05-12 17:58:34]   - API: http://localhost:8000
[2025-05-12 17:58:34]   - API Documentation: http://localhost:8000/docs
[2025-05-12 17:58:34]   - Frontend: http://localhost:3000
[2025-05-12 17:58:34]   - Spark Master UI: http://localhost:8080
[2025-05-12 17:58:34]   - Minio Console: http://localhost:9001 (user: minioadmin, password: minioadmin)
[2025-05-12 17:58:34] Deployment log saved to: deployment_20250512_175544.log
